<?xml version="1.0" encoding="UTF-8"?>
<testng-results ignored="0" total="1" passed="1" failed="0" skipped="0">
  <reporter-output>
  </reporter-output>
  <suite started-at="2024-12-17T22:09:50 CST" name="Surefire suite" finished-at="2024-12-17T22:10:11 CST" duration-ms="20997">
    <groups>
    </groups>
    <test started-at="2024-12-17T22:09:50 CST" name="Surefire test" finished-at="2024-12-17T22:10:11 CST" duration-ms="20997">
      <class name="TestFormValidation">
        <test-method signature="testMandatoryFieldsErrorMessages(java.lang.String)[pri:0, instance:TestFormValidation@45018215]" started-at="2024-12-17T22:09:50 CST" name="testMandatoryFieldsErrorMessages" finished-at="2024-12-17T22:10:10 CST" duration-ms="20979" status="PASS">
          <params>
            <param index="0">
              <value>
                <![CDATA[firefox_local]]>
              </value>
            </param>
          </params>
          <reporter-output>
          </reporter-output>
        </test-method> <!-- testMandatoryFieldsErrorMessages -->
      </class> <!-- TestFormValidation -->
    </test> <!-- Surefire test -->
  </suite> <!-- Surefire suite -->
</testng-results>
